Determining if the pthread_create exist failed with the following output:
Change Dir: /home/rodrigo/Desktop/CES12/lab5/labTSP200717_1428/build/CMakeFiles/CMakeTmp

Run Build Command:"/usr/bin/make" "cmTC_4a2b1/fast"
/usr/bin/make -f CMakeFiles/cmTC_4a2b1.dir/build.make CMakeFiles/cmTC_4a2b1.dir/build
make[1]: Entering directory '/home/rodrigo/Desktop/CES12/lab5/labTSP200717_1428/build/CMakeFiles/CMakeTmp'
Building C object CMakeFiles/cmTC_4a2b1.dir/CheckSymbolExists.c.o
/usr/bin/cc    -o CMakeFiles/cmTC_4a2b1.dir/CheckSymbolExists.c.o   -c /home/rodrigo/Desktop/CES12/lab5/labTSP200717_1428/build/CMakeFiles/CMakeTmp/CheckSymbolExists.c
Linking C executable cmTC_4a2b1
/usr/bin/cmake -E cmake_link_script CMakeFiles/cmTC_4a2b1.dir/link.txt --verbose=1
/usr/bin/cc      -rdynamic CMakeFiles/cmTC_4a2b1.dir/CheckSymbolExists.c.o  -o cmTC_4a2b1 
/usr/bin/ld: CMakeFiles/cmTC_4a2b1.dir/CheckSymbolExists.c.o: in function `main':
CheckSymbolExists.c:(.text+0x1f): undefined reference to `pthread_create'
collect2: error: ld returned 1 exit status
make[1]: *** [CMakeFiles/cmTC_4a2b1.dir/build.make:87: cmTC_4a2b1] Error 1
make[1]: Leaving directory '/home/rodrigo/Desktop/CES12/lab5/labTSP200717_1428/build/CMakeFiles/CMakeTmp'
make: *** [Makefile:121: cmTC_4a2b1/fast] Error 2

File /home/rodrigo/Desktop/CES12/lab5/labTSP200717_1428/build/CMakeFiles/CMakeTmp/CheckSymbolExists.c:
/* */
#include <pthread.h>

int main(int argc, char** argv)
{
  (void)argv;
#ifndef pthread_create
  return ((int*)(&pthread_create))[argc];
#else
  (void)argc;
  return 0;
#endif
}

Determining if the function pthread_create exists in the pthreads failed with the following output:
Change Dir: /home/rodrigo/Desktop/CES12/lab5/labTSP200717_1428/build/CMakeFiles/CMakeTmp

Run Build Command:"/usr/bin/make" "cmTC_dd6c4/fast"
/usr/bin/make -f CMakeFiles/cmTC_dd6c4.dir/build.make CMakeFiles/cmTC_dd6c4.dir/build
make[1]: Entering directory '/home/rodrigo/Desktop/CES12/lab5/labTSP200717_1428/build/CMakeFiles/CMakeTmp'
Building C object CMakeFiles/cmTC_dd6c4.dir/CheckFunctionExists.c.o
/usr/bin/cc   -DCHECK_FUNCTION_EXISTS=pthread_create   -o CMakeFiles/cmTC_dd6c4.dir/CheckFunctionExists.c.o   -c /usr/share/cmake-3.13/Modules/CheckFunctionExists.c
Linking C executable cmTC_dd6c4
/usr/bin/cmake -E cmake_link_script CMakeFiles/cmTC_dd6c4.dir/link.txt --verbose=1
/usr/bin/cc  -DCHECK_FUNCTION_EXISTS=pthread_create    -rdynamic CMakeFiles/cmTC_dd6c4.dir/CheckFunctionExists.c.o  -o cmTC_dd6c4 -lpthreads 
/usr/bin/ld: cannot find -lpthreads
collect2: error: ld returned 1 exit status
make[1]: *** [CMakeFiles/cmTC_dd6c4.dir/build.make:87: cmTC_dd6c4] Error 1
make[1]: Leaving directory '/home/rodrigo/Desktop/CES12/lab5/labTSP200717_1428/build/CMakeFiles/CMakeTmp'
make: *** [Makefile:121: cmTC_dd6c4/fast] Error 2


